Application/build/intermediates/manifest_merge_blame_file/debug/processDebugMainManifest/manifest-merger-blame-debug-report.txt
1<?xml version="1.0" encoding="utf-8"?>
2<!--
3 Copyright (C) 2013 The Android Open Source Project
4
5     Licensed under the Apache License, Version 2.0 (the "License");
6     you may not use this file except in compliance with the License.
7     You may obtain a copy of the License at
8
9          http://www.apache.org/licenses/LICENSE-2.0
10
11     Unless required by applicable law or agreed to in writing, software
12     distributed under the License is distributed on an "AS IS" BASIS,
13     WITHOUT WARRANTIES OR CONDITIONS OF ANY KIND, either express or implied.
14     See the License for the specific language governing permissions and
15     limitations under the License.
16-->
17<!--
18 Declare the contents of this Android application.  The namespace
19     attribute brings in the Android platform namespace, and the package
20     supplies a unique name for the application.  When writing your
21     own application, the package name must be changed from "com.example.*"
22     to come from a domain that you own or have control over.
23-->
24<manifest xmlns:android="http://schemas.android.com/apk/res/android"
25    package="com.example.android.mediarouter" >
26
27    <uses-sdk
28        android:minSdkVersion="21"
29        android:targetSdkVersion="29" />
30    <!--
31         Permission for INTERNET is required for streaming video content
32         from the web, it's not required otherwise.
33    -->
34    <!--
35         Permission for SYSTEM_ALERT_WINDOW is only required for emulating
36         remote display using system alert window.
37    -->
38
39
40    <!-- Min/target SDK versions (<uses-sdk>) managed by build.gradle -->
41
42
43    <!--
44         The smallest screen this app works on is a phone.  The app will
45         scale its UI to larger screens but doesn't make good use of them
46         so allow the compatibility mode button to be shown (mostly because
47         this is just convenient for testing).
48    -->
49    <supports-screens
49-->src/main/AndroidManifest.xml:35:5-37:49
50        android:compatibleWidthLimitDp="480"
50-->src/main/AndroidManifest.xml:36:9-45
51        android:requiresSmallestWidthDp="320" />
51-->src/main/AndroidManifest.xml:37:9-46
52
53    <queries>
53-->[androidx.media:media:1.4.1] AndroidManifest.xml:24:5-28:15
54        <intent>
54-->[androidx.media:media:1.4.1] AndroidManifest.xml:25:9-27:18
55            <action android:name="android.media.browse.MediaBrowserService" />
55-->[androidx.media:media:1.4.1] AndroidManifest.xml:26:13-79
55-->[androidx.media:media:1.4.1] AndroidManifest.xml:26:21-76
56        </intent>
57    </queries>
58
59    <permission
59-->[androidx.core:core:1.13.0] AndroidManifest.xml:22:5-24:47
60        android:name="com.example.android.mediarouter.DYNAMIC_RECEIVER_NOT_EXPORTED_PERMISSION"
60-->[androidx.core:core:1.13.0] AndroidManifest.xml:23:9-81
61        android:protectionLevel="signature" />
61-->[androidx.core:core:1.13.0] AndroidManifest.xml:24:9-44
62
63    <uses-permission android:name="com.example.android.mediarouter.DYNAMIC_RECEIVER_NOT_EXPORTED_PERMISSION" />
63-->[androidx.core:core:1.13.0] AndroidManifest.xml:26:5-97
63-->[androidx.core:core:1.13.0] AndroidManifest.xml:26:22-94
64
65    <application
65-->src/main/AndroidManifest.xml:39:5-77:19
66        android:appComponentFactory="androidx.core.app.CoreComponentFactory"
66-->[androidx.core:core:1.13.0] AndroidManifest.xml:28:18-86
67        android:debuggable="true"
68        android:extractNativeLibs="true"
69        android:hardwareAccelerated="true"
69-->src/main/AndroidManifest.xml:40:9-43
70        android:icon="@drawable/ic_launcher"
70-->src/main/AndroidManifest.xml:41:9-45
71        android:label="@string/app_name"
71-->src/main/AndroidManifest.xml:42:9-41
72        android:testOnly="true"
73        android:usesCleartextTraffic="true" >
73-->src/main/AndroidManifest.xml:43:9-44
74        <receiver android:name="com.example.android.mediarouter.player.SampleMediaButtonReceiver" >
74-->src/main/AndroidManifest.xml:46:9-50:20
74-->src/main/AndroidManifest.xml:46:19-67
75            <intent-filter>
75-->src/main/AndroidManifest.xml:47:13-49:29
76                <action android:name="android.intent.action.MEDIA_BUTTON" />
76-->src/main/AndroidManifest.xml:48:17-77
76-->src/main/AndroidManifest.xml:48:25-74
77            </intent-filter>
78        </receiver>
79        <!-- MediaRouter Support Samples -->
80
81        <activity
81-->src/main/AndroidManifest.xml:53:9-66:20
82            android:name="com.example.android.mediarouter.player.MainActivity"
82-->src/main/AndroidManifest.xml:54:13-48
83            android:label="@string/app_name"
83-->src/main/AndroidManifest.xml:55:13-45
84            android:theme="@style/Theme.AppCompat.Light" >
84-->src/main/AndroidManifest.xml:56:13-57
85            <intent-filter>
85-->src/main/AndroidManifest.xml:57:13-61:29
86                <action android:name="android.intent.action.MAIN" />
86-->src/main/AndroidManifest.xml:58:17-69
86-->src/main/AndroidManifest.xml:58:25-66
87
88                <category android:name="android.intent.category.DEFAULT" />
88-->src/main/AndroidManifest.xml:59:17-76
88-->src/main/AndroidManifest.xml:59:27-73
89                <category android:name="android.intent.category.LAUNCHER" />
89-->src/main/AndroidManifest.xml:60:17-77
89-->src/main/AndroidManifest.xml:60:27-74
90            </intent-filter>
91            <intent-filter>
91-->src/main/AndroidManifest.xml:62:13-65:29
92                <action android:name="android.intent.action.MAIN" />
92-->src/main/AndroidManifest.xml:58:17-69
92-->src/main/AndroidManifest.xml:58:25-66
93
94                <category android:name="com.example.android.supportv7.SAMPLE_CODE" />
94-->src/main/AndroidManifest.xml:64:17-86
94-->src/main/AndroidManifest.xml:64:27-83
95            </intent-filter>
96        </activity>
97
98        <service
98-->src/main/AndroidManifest.xml:68:9-75:19
99            android:name="com.example.android.mediarouter.provider.SampleMediaRouteProviderService"
99-->src/main/AndroidManifest.xml:69:13-69
100            android:label="@string/sample_media_route_provider_service"
100-->src/main/AndroidManifest.xml:70:13-72
101            android:process=":mrp" >
101-->src/main/AndroidManifest.xml:71:13-35
102            <intent-filter>
102-->src/main/AndroidManifest.xml:72:13-74:29
103                <action android:name="android.media.MediaRouteProviderService" />
103-->src/main/AndroidManifest.xml:73:17-82
103-->src/main/AndroidManifest.xml:73:25-79
104            </intent-filter>
105        </service>
106
107        <provider
107-->[androidx.emoji2:emoji2:1.3.0] AndroidManifest.xml:24:9-32:20
108            android:name="androidx.startup.InitializationProvider"
108-->[androidx.emoji2:emoji2:1.3.0] AndroidManifest.xml:25:13-67
109            android:authorities="com.example.android.mediarouter.androidx-startup"
109-->[androidx.emoji2:emoji2:1.3.0] AndroidManifest.xml:26:13-68
110            android:exported="false" >
110-->[androidx.emoji2:emoji2:1.3.0] AndroidManifest.xml:27:13-37
111            <meta-data
111-->[androidx.emoji2:emoji2:1.3.0] AndroidManifest.xml:29:13-31:52
112                android:name="androidx.emoji2.text.EmojiCompatInitializer"
112-->[androidx.emoji2:emoji2:1.3.0] AndroidManifest.xml:30:17-75
113                android:value="androidx.startup" />
113-->[androidx.emoji2:emoji2:1.3.0] AndroidManifest.xml:31:17-49
114            <meta-data
114-->[androidx.lifecycle:lifecycle-process:2.6.2] AndroidManifest.xml:29:13-31:52
115                android:name="androidx.lifecycle.ProcessLifecycleInitializer"
115-->[androidx.lifecycle:lifecycle-process:2.6.2] AndroidManifest.xml:30:17-78
116                android:value="androidx.startup" />
116-->[androidx.lifecycle:lifecycle-process:2.6.2] AndroidManifest.xml:31:17-49
117            <meta-data
117-->[androidx.profileinstaller:profileinstaller:1.3.1] AndroidManifest.xml:29:13-31:52
118                android:name="androidx.profileinstaller.ProfileInstallerInitializer"
118-->[androidx.profileinstaller:profileinstaller:1.3.1] AndroidManifest.xml:30:17-85
119                android:value="androidx.startup" />
119-->[androidx.profileinstaller:profileinstaller:1.3.1] AndroidManifest.xml:31:17-49
120        </provider>
121
122        <receiver
122-->[androidx.profileinstaller:profileinstaller:1.3.1] AndroidManifest.xml:34:9-52:20
123            android:name="androidx.profileinstaller.ProfileInstallReceiver"
123-->[androidx.profileinstaller:profileinstaller:1.3.1] AndroidManifest.xml:35:13-76
124            android:directBootAware="false"
124-->[androidx.profileinstaller:profileinstaller:1.3.1] AndroidManifest.xml:36:13-44
125            android:enabled="true"
125-->[androidx.profileinstaller:profileinstaller:1.3.1] AndroidManifest.xml:37:13-35
126            android:exported="true"
126-->[androidx.profileinstaller:profileinstaller:1.3.1] AndroidManifest.xml:38:13-36
127            android:permission="android.permission.DUMP" >
127-->[androidx.profileinstaller:profileinstaller:1.3.1] AndroidManifest.xml:39:13-57
128            <intent-filter>
128-->[androidx.profileinstaller:profileinstaller:1.3.1] AndroidManifest.xml:40:13-42:29
129                <action android:name="androidx.profileinstaller.action.INSTALL_PROFILE" />
129-->[androidx.profileinstaller:profileinstaller:1.3.1] AndroidManifest.xml:41:17-91
129-->[androidx.profileinstaller:profileinstaller:1.3.1] AndroidManifest.xml:41:25-88
130            </intent-filter>
131            <intent-filter>
131-->[androidx.profileinstaller:profileinstaller:1.3.1] AndroidManifest.xml:43:13-45:29
132                <action android:name="androidx.profileinstaller.action.SKIP_FILE" />
132-->[androidx.profileinstaller:profileinstaller:1.3.1] AndroidManifest.xml:44:17-85
132-->[androidx.profileinstaller:profileinstaller:1.3.1] AndroidManifest.xml:44:25-82
133            </intent-filter>
134            <intent-filter>
134-->[androidx.profileinstaller:profileinstaller:1.3.1] AndroidManifest.xml:46:13-48:29
135                <action android:name="androidx.profileinstaller.action.SAVE_PROFILE" />
135-->[androidx.profileinstaller:profileinstaller:1.3.1] AndroidManifest.xml:47:17-88
135-->[androidx.profileinstaller:profileinstaller:1.3.1] AndroidManifest.xml:47:25-85
136            </intent-filter>
137            <intent-filter>
137-->[androidx.profileinstaller:profileinstaller:1.3.1] AndroidManifest.xml:49:13-51:29
138                <action android:name="androidx.profileinstaller.action.BENCHMARK_OPERATION" />
138-->[androidx.profileinstaller:profileinstaller:1.3.1] AndroidManifest.xml:50:17-95
138-->[androidx.profileinstaller:profileinstaller:1.3.1] AndroidManifest.xml:50:25-92
139            </intent-filter>
140        </receiver>
141    </application>
142
143</manifest>